[debug] [2022-12-15T14:41:01.220Z] ----------------------------------------------------------------------
[debug] [2022-12-15T14:41:01.222Z] Command:       C:\Program Files\nodejs\node.exe C:\Users\ivers\AppData\Roaming\npm\node_modules\firebase-tools\lib\bin\firebase.js init
[debug] [2022-12-15T14:41:01.222Z] CLI Version:   11.18.0
[debug] [2022-12-15T14:41:01.222Z] Platform:      win32
[debug] [2022-12-15T14:41:01.222Z] Node Version:  v18.10.0
[debug] [2022-12-15T14:41:01.270Z] Time:          Thu Dec 15 2022 15:41:01 GMT+0100 (Centraleuropæisk normaltid)
[debug] [2022-12-15T14:41:01.271Z] ----------------------------------------------------------------------
[debug] 
[debug] [2022-12-15T14:41:01.330Z] > command requires scopes: ["email","openid","https://www.googleapis.com/auth/cloudplatformprojects.readonly","https://www.googleapis.com/auth/firebase","https://www.googleapis.com/auth/cloud-platform"]
[debug] [2022-12-15T14:41:01.332Z] > authorizing via signed-in user (monodevicenoreply@gmail.com)
[info] 
     ######## #### ########  ######## ########     ###     ######  ########
     ##        ##  ##     ## ##       ##     ##  ##   ##  ##       ##
     ######    ##  ########  ######   ########  #########  ######  ######
     ##        ##  ##    ##  ##       ##     ## ##     ##       ## ##
     ##       #### ##     ## ######## ########  ##     ##  ######  ########

You're about to initialize a Firebase project in this directory:

  C:\Users\ivers\RiderProjects\3. Semester Eksamen\MonoDeviceManagement\Frontend

Before we get started, keep in mind:

  * You are initializing within an existing Firebase project directory

[info] 
=== Project Setup
[info] 
[info] First, let's associate this project directory with a Firebase project.
[info] You can create multiple project aliases by running firebase use --add, 
[info] but for now we'll just set up a default project.
[info] 
[debug] [2022-12-15T14:41:07.204Z] Using project from CLI flag: monodevicemanagement
[debug] [2022-12-15T14:41:07.210Z] >>> [apiv2][query] GET https://firebase.googleapis.com/v1beta1/projects/monodevicemanagement [none]
[debug] [2022-12-15T14:41:09.261Z] <<< [apiv2][status] GET https://firebase.googleapis.com/v1beta1/projects/monodevicemanagement 200
[debug] [2022-12-15T14:41:09.261Z] <<< [apiv2][body] GET https://firebase.googleapis.com/v1beta1/projects/monodevicemanagement {"projectId":"monodevicemanagement","projectNumber":"840795406649","displayName":"MonoDeviceManagement","name":"projects/monodevicemanagement","resources":{"hostingSite":"monodevicemanagement"},"state":"ACTIVE","etag":"1_339445fa-e5be-492e-8104-2b964c2a2c9d"}
[info] i  Using project monodevicemanagement (MonoDeviceManagement) 
[info] 
=== Hosting Setup
[info] 
[info] Your public directory is the folder (relative to your project directory) that
[info] will contain Hosting assets to be uploaded with firebase deploy. If you
[info] have a build process for your assets, use your build's output directory.
[info] 
